<?xml version="1.0" encoding="UTF-8"?>
<robot generator="Robot 7.3.1 (Python 3.10.4 on win32)" generated="2025-06-28T18:28:14.679024" rpa="false" schemaversion="5">
<suite id="s1" name="registerTestCase" source="C:\Users\Winston\Documents\RobotFrameWork-Software-Testing-\RobotLearn\testCases\registerTestCase.robot">
<test id="s1-t1" name="Setup Browser" line="14">
<kw name="Open Browser" owner="SeleniumLibrary">
<msg time="2025-06-28T18:28:14.881659" level="INFO">Opening browser 'chrome' to base url 'https://futureskill.co/'.</msg>
<arg>${RegisUrl}</arg>
<arg>chrome</arg>
<doc>Opens a new browser instance to the optional ``url``.</doc>
<status status="PASS" start="2025-06-28T18:28:14.881659" elapsed="2.457078"/>
</kw>
<kw name="Set Window Size" owner="SeleniumLibrary">
<arg>1500</arg>
<arg>900</arg>
<doc>Sets current windows size to given ``width`` and ``height``.</doc>
<status status="PASS" start="2025-06-28T18:28:17.338737" elapsed="0.036999"/>
</kw>
<status status="PASS" start="2025-06-28T18:28:14.866034" elapsed="2.510705"/>
</test>
<test id="s1-t2" name="As a user, I want to registry success" line="18">
<kw name="When user registry from WebPage with ${email} ${firstName} ${lastName} ${phoneNumber} ${newPassword} ${confirmPassword}" owner="RegistryPageKeywords" source_name="user registry from WebPage with ${email} ${firstName} ${lastName} ${phoneNumber} ${newPassword} ${confirmPassword}">
<kw name="Wait util element is ready then click element" owner="CommonKeywords">
<kw name="Wait Until Keyword Succeeds" owner="BuiltIn">
<kw name="Click Element" owner="SeleniumLibrary">
<msg time="2025-06-28T18:28:17.378737" level="INFO">Clicking element 'xpath=//button[text()="สมัครสมาชิก" and contains(@class, "css-1jz8a59")]'.</msg>
<arg>${locator}</arg>
<doc>Click the element identified by ``locator``.</doc>
<status status="PASS" start="2025-06-28T18:28:17.378737" elapsed="0.781796"/>
</kw>
<arg>5x</arg>
<arg>2s</arg>
<arg>Click Element</arg>
<arg>${locator}</arg>
<doc>Runs the specified keyword and retries if it fails.</doc>
<status status="PASS" start="2025-06-28T18:28:17.377736" elapsed="0.782797"/>
</kw>
<arg>xpath=//button[text()="สมัครสมาชิก" and contains(@class, "css-1jz8a59")]</arg>
<status status="PASS" start="2025-06-28T18:28:17.377736" elapsed="0.782797"/>
</kw>
<kw name="Wait util element is ready then Input element" owner="CommonKeywords">
<kw name="Wait Until Keyword Succeeds" owner="BuiltIn">
<kw name="Input Text" owner="SeleniumLibrary">
<msg time="2025-06-28T18:28:18.161534" level="INFO">Typing text 'anunda56@gmail.com' into text field 'name=email'.</msg>
<arg>${locator}</arg>
<arg>${text}</arg>
<doc>Types the given ``text`` into the text field identified by ``locator``.</doc>
<status status="PASS" start="2025-06-28T18:28:18.161534" elapsed="0.109596"/>
</kw>
<arg>5x</arg>
<arg>2s</arg>
<arg>Input Text</arg>
<arg>${locator}</arg>
<arg>${text}</arg>
<doc>Runs the specified keyword and retries if it fails.</doc>
<status status="PASS" start="2025-06-28T18:28:18.160533" elapsed="0.110597"/>
</kw>
<arg>name=email</arg>
<arg>${email}</arg>
<status status="PASS" start="2025-06-28T18:28:18.160533" elapsed="0.110597"/>
</kw>
<kw name="Wait util element is ready then Input element" owner="CommonKeywords">
<kw name="Wait Until Keyword Succeeds" owner="BuiltIn">
<kw name="Input Text" owner="SeleniumLibrary">
<msg time="2025-06-28T18:28:18.271130" level="INFO">Typing text 'Ananda' into text field 'name=firstName'.</msg>
<arg>${locator}</arg>
<arg>${text}</arg>
<doc>Types the given ``text`` into the text field identified by ``locator``.</doc>
<status status="PASS" start="2025-06-28T18:28:18.271130" elapsed="0.043186"/>
</kw>
<arg>5x</arg>
<arg>2s</arg>
<arg>Input Text</arg>
<arg>${locator}</arg>
<arg>${text}</arg>
<doc>Runs the specified keyword and retries if it fails.</doc>
<status status="PASS" start="2025-06-28T18:28:18.271130" elapsed="0.044000"/>
</kw>
<arg>name=firstName</arg>
<arg>${firstName}</arg>
<status status="PASS" start="2025-06-28T18:28:18.271130" elapsed="0.044000"/>
</kw>
<kw name="Wait util element is ready then Input element" owner="CommonKeywords">
<kw name="Wait Until Keyword Succeeds" owner="BuiltIn">
<kw name="Input Text" owner="SeleniumLibrary">
<msg time="2025-06-28T18:28:18.315940" level="INFO">Typing text 'Aiemvong' into text field 'name=lastName'.</msg>
<arg>${locator}</arg>
<arg>${text}</arg>
<doc>Types the given ``text`` into the text field identified by ``locator``.</doc>
<status status="PASS" start="2025-06-28T18:28:18.315940" elapsed="0.026174"/>
</kw>
<arg>5x</arg>
<arg>2s</arg>
<arg>Input Text</arg>
<arg>${locator}</arg>
<arg>${text}</arg>
<doc>Runs the specified keyword and retries if it fails.</doc>
<status status="PASS" start="2025-06-28T18:28:18.315940" elapsed="0.026174"/>
</kw>
<arg>name=lastName</arg>
<arg>${lastName}</arg>
<status status="PASS" start="2025-06-28T18:28:18.315130" elapsed="0.026984"/>
</kw>
<kw name="Wait util element is ready then Input element" owner="CommonKeywords">
<kw name="Wait Until Keyword Succeeds" owner="BuiltIn">
<kw name="Input Text" owner="SeleniumLibrary">
<msg time="2025-06-28T18:28:18.355107" level="INFO">Typing text '0957612651' into text field 'name=phoneNumber'.</msg>
<arg>${locator}</arg>
<arg>${text}</arg>
<doc>Types the given ``text`` into the text field identified by ``locator``.</doc>
<status status="PASS" start="2025-06-28T18:28:18.355107" elapsed="0.041061"/>
</kw>
<arg>5x</arg>
<arg>2s</arg>
<arg>Input Text</arg>
<arg>${locator}</arg>
<arg>${text}</arg>
<doc>Runs the specified keyword and retries if it fails.</doc>
<status status="PASS" start="2025-06-28T18:28:18.355107" elapsed="0.041061"/>
</kw>
<arg>name=phoneNumber</arg>
<arg>${phoneNumber}</arg>
<status status="PASS" start="2025-06-28T18:28:18.342114" elapsed="0.054054"/>
</kw>
<kw name="Wait util element is ready then Input element" owner="CommonKeywords">
<kw name="Wait Until Keyword Succeeds" owner="BuiltIn">
<kw name="Input Text" owner="SeleniumLibrary">
<msg time="2025-06-28T18:28:18.396168" level="INFO">Typing text 'Ananda56@4321' into text field 'name=newPassword'.</msg>
<arg>${locator}</arg>
<arg>${text}</arg>
<doc>Types the given ``text`` into the text field identified by ``locator``.</doc>
<status status="PASS" start="2025-06-28T18:28:18.396168" elapsed="0.049007"/>
</kw>
<arg>5x</arg>
<arg>2s</arg>
<arg>Input Text</arg>
<arg>${locator}</arg>
<arg>${text}</arg>
<doc>Runs the specified keyword and retries if it fails.</doc>
<status status="PASS" start="2025-06-28T18:28:18.396168" elapsed="0.049007"/>
</kw>
<arg>name=newPassword</arg>
<arg>${newPassword}</arg>
<status status="PASS" start="2025-06-28T18:28:18.396168" elapsed="0.049007"/>
</kw>
<kw name="Wait util element is ready then Input element" owner="CommonKeywords">
<kw name="Wait Until Keyword Succeeds" owner="BuiltIn">
<kw name="Input Text" owner="SeleniumLibrary">
<msg time="2025-06-28T18:28:18.445175" level="INFO">Typing text 'Ananda56@4321' into text field 'name=confirmPassword'.</msg>
<arg>${locator}</arg>
<arg>${text}</arg>
<doc>Types the given ``text`` into the text field identified by ``locator``.</doc>
<status status="PASS" start="2025-06-28T18:28:18.445175" elapsed="0.049476"/>
</kw>
<arg>5x</arg>
<arg>2s</arg>
<arg>Input Text</arg>
<arg>${locator}</arg>
<arg>${text}</arg>
<doc>Runs the specified keyword and retries if it fails.</doc>
<status status="PASS" start="2025-06-28T18:28:18.445175" elapsed="0.049476"/>
</kw>
<arg>name=confirmPassword</arg>
<arg>${confirmPassword}</arg>
<status status="PASS" start="2025-06-28T18:28:18.445175" elapsed="0.049476"/>
</kw>
<kw name="Wait util element is ready then click element" owner="CommonKeywords">
<kw name="Wait Until Keyword Succeeds" owner="BuiltIn">
<kw name="Click Element" owner="SeleniumLibrary">
<msg time="2025-06-28T18:28:18.494651" level="INFO">Clicking element 'xpath=//input[@type="checkbox" and @name="consent"]'.</msg>
<arg>${locator}</arg>
<doc>Click the element identified by ``locator``.</doc>
<status status="PASS" start="2025-06-28T18:28:18.494651" elapsed="0.038310"/>
</kw>
<arg>5x</arg>
<arg>2s</arg>
<arg>Click Element</arg>
<arg>${locator}</arg>
<doc>Runs the specified keyword and retries if it fails.</doc>
<status status="PASS" start="2025-06-28T18:28:18.494651" elapsed="0.038310"/>
</kw>
<arg>xpath=//input[@type="checkbox" and @name="consent"]</arg>
<status status="PASS" start="2025-06-28T18:28:18.494651" elapsed="0.038310"/>
</kw>
<kw name="Wait util element is ready then click element" owner="CommonKeywords">
<kw name="Wait Until Keyword Succeeds" owner="BuiltIn">
<kw name="Click Element" owner="SeleniumLibrary">
<msg time="2025-06-28T18:28:18.532961" level="INFO">Clicking element 'xpath=//button[text()="สมัครสมาชิก"]'.</msg>
<arg>${locator}</arg>
<doc>Click the element identified by ``locator``.</doc>
<status status="PASS" start="2025-06-28T18:28:18.532961" elapsed="0.052955"/>
</kw>
<arg>5x</arg>
<arg>2s</arg>
<arg>Click Element</arg>
<arg>${locator}</arg>
<doc>Runs the specified keyword and retries if it fails.</doc>
<status status="PASS" start="2025-06-28T18:28:18.532961" elapsed="0.052955"/>
</kw>
<arg>xpath=//button[text()="สมัครสมาชิก"]</arg>
<status status="PASS" start="2025-06-28T18:28:18.532961" elapsed="0.052955"/>
</kw>
<status status="PASS" start="2025-06-28T18:28:17.377736" elapsed="1.208180"/>
</kw>
<kw name="Then WebPage should display home page and display message as &quot;ระบบได้ส่งรหัส OTP ไปยังเบอร์โทรศัพท์&quot;" owner="HomePageKeywords" source_name="WebPage should display home page and display message as &quot;${expected_message}&quot;">
<kw name="Wait util page contains element then verify text" owner="CommonKeywords">
<kw name="Wait Until Keyword Succeeds" owner="BuiltIn">
<kw name="Page Should Contain" owner="SeleniumLibrary">
<msg time="2025-06-28T18:28:18.773170" level="INFO" html="true">&lt;/td&gt;&lt;/tr&gt;&lt;tr&gt;&lt;td colspan="3"&gt;&lt;a href="selenium-screenshot-1.png"&gt;&lt;img src="selenium-screenshot-1.png" width="800px"&gt;&lt;/a&gt;</msg>
<msg time="2025-06-28T18:28:18.773170" level="FAIL">StaleElementReferenceException: Message: stale element reference: stale element not found in the current frame
  (Session info: chrome=138.0.7204.50); For documentation on this error, please visit: https://www.selenium.dev/documentation/webdriver/troubleshooting/errors#stale-element-reference-exception
Stacktrace:
	GetHandleVerifier [0x0x7ff6c09a6f65+76917]
	GetHandleVerifier [0x0x7ff6c09a6fc0+77008]
	(No symbol) [0x0x7ff6c0759dea]
	(No symbol) [0x0x7ff6c0761789]
	(No symbol) [0x0x7ff6c076482c]
	(No symbol) [0x0x7ff6c07648ff]
	(No symbol) [0x0x7ff6c07b3e21]
	(No symbol) [0x0x7ff6c08027ee]
	(No symbol) [0x0x7ff6c07d846a]
	(No symbol) [0x0x7ff6c080065c]
	(No symbol) [0x0x7ff6c07d8243]
	(No symbol) [0x0x7ff6c07a1431]
	(No symbol) [0x0x7ff6c07a21c3]
	GetHandleVerifier [0x0x7ff6c0c7d29d+3051437]
	GetHandleVerifier [0x0x7ff6c0c778f3+3028483]
	GetHandleVerifier [0x0x7ff6c0c9588d+3151261]
	GetHandleVerifier [0x0x7ff6c09c182e+185662]
	GetHandleVerifier [0x0x7ff6c09c96ef+218111]
	GetHandleVerifier [0x0x7ff6c09afae4+112628]
	GetHandleVerifier [0x0x7ff6c09afc99+113065]
	GetHandleVerifier [0x0x7ff6c0996c68+10616]
	BaseThreadInitThunk [0x0x7ffe003553e0+16]
	RtlUserThreadStart [0x0x7ffe00ea485b+43]
</msg>
<arg>${expected_text}</arg>
<doc>Verifies that current page contains ``text``.</doc>
<status status="FAIL" start="2025-06-28T18:28:18.585916" elapsed="0.187254">StaleElementReferenceException: Message: stale element reference: stale element not found in the current frame
  (Session info: chrome=138.0.7204.50); For documentation on this error, please visit: https://www.selenium.dev/documentation/webdriver/troubleshooting/errors#stale-element-reference-exception
Stacktrace:
	GetHandleVerifier [0x0x7ff6c09a6f65+76917]
	GetHandleVerifier [0x0x7ff6c09a6fc0+77008]
	(No symbol) [0x0x7ff6c0759dea]
	(No symbol) [0x0x7ff6c0761789]
	(No symbol) [0x0x7ff6c076482c]
	(No symbol) [0x0x7ff6c07648ff]
	(No symbol) [0x0x7ff6c07b3e21]
	(No symbol) [0x0x7ff6c08027ee]
	(No symbol) [0x0x7ff6c07d846a]
	(No symbol) [0x0x7ff6c080065c]
	(No symbol) [0x0x7ff6c07d8243]
	(No symbol) [0x0x7ff6c07a1431]
	(No symbol) [0x0x7ff6c07a21c3]
	GetHandleVerifier [0x0x7ff6c0c7d29d+3051437]
	GetHandleVerifier [0x0x7ff6c0c778f3+3028483]
	GetHandleVerifier [0x0x7ff6c0c9588d+3151261]
	GetHandleVerifier [0x0x7ff6c09c182e+185662]
	GetHandleVerifier [0x0x7ff6c09c96ef+218111]
	GetHandleVerifier [0x0x7ff6c09afae4+112628]
	GetHandleVerifier [0x0x7ff6c09afc99+113065]
	GetHandleVerifier [0x0x7ff6c0996c68+10616]
	BaseThreadInitThunk [0x0x7ffe003553e0+16]
	RtlUserThreadStart [0x0x7ffe00ea485b+43]
</status>
</kw>
<kw name="Page Should Contain" owner="SeleniumLibrary">
<msg time="2025-06-28T18:28:20.786140" level="INFO">Current page contains text 'ระบบได้ส่งรหัส OTP ไปยังเบอร์โทรศัพท์'.</msg>
<arg>${expected_text}</arg>
<doc>Verifies that current page contains ``text``.</doc>
<status status="PASS" start="2025-06-28T18:28:20.786140" elapsed="0.000000"/>
</kw>
<arg>5x</arg>
<arg>2s</arg>
<arg>Page Should Contain</arg>
<arg>${expected_text}</arg>
<doc>Runs the specified keyword and retries if it fails.</doc>
<status status="PASS" start="2025-06-28T18:28:18.585916" elapsed="2.200224"/>
</kw>
<arg>${expected_message}</arg>
<status status="PASS" start="2025-06-28T18:28:18.585916" elapsed="2.200224"/>
</kw>
<status status="PASS" start="2025-06-28T18:28:18.585916" elapsed="2.200224"/>
</kw>
<status status="PASS" start="2025-06-28T18:28:17.376739" elapsed="3.409401"/>
</test>
<status status="PASS" start="2025-06-28T18:28:14.679024" elapsed="6.107116"/>
</suite>
<statistics>
<total>
<stat pass="2" fail="0" skip="0">All Tests</stat>
</total>
<tag>
</tag>
<suite>
<stat name="registerTestCase" id="s1" pass="2" fail="0" skip="0">registerTestCase</stat>
</suite>
</statistics>
<errors>
</errors>
</robot>
